<?xml version="1.0" encoding="UTF-8"?>
<testng-results total="2" passed="2" failed="0" skipped="0">
  <reporter-output>
    <line>
      <![CDATA[this is build1]]>
    </line>
    <line>
      <![CDATA[This is package]]>
    </line>
  </reporter-output>
  <suite started-at="2022-07-18T12:26:52Z" name="Default suite" finished-at="2022-07-18T12:26:52Z" duration-ms="121">
    <groups>
    </groups>
    <test started-at="2022-07-18T12:26:52Z" name="Default test" finished-at="2022-07-18T12:26:52Z" duration-ms="121">
      <class name="com.practice.Testng.TestngPackagesTest">
        <test-method signature="buildMethod()[pri:0, instance:com.practice.Testng.TestngPackagesTest@4ff8d125]" started-at="2022-07-18T17:56:52Z" name="buildMethod" finished-at="2022-07-18T17:56:52Z" duration-ms="48" status="PASS">
          <reporter-output>
            <line>
              <![CDATA[this is build1]]>
            </line>
          </reporter-output>
        </test-method> <!-- buildMethod -->
        <test-method signature="packageMethod()[pri:0, instance:com.practice.Testng.TestngPackagesTest@4ff8d125]" started-at="2022-07-18T17:56:52Z" name="packageMethod" finished-at="2022-07-18T17:56:52Z" duration-ms="7" status="PASS">
          <reporter-output>
            <line>
              <![CDATA[This is package]]>
            </line>
          </reporter-output>
        </test-method> <!-- packageMethod -->
      </class> <!-- com.practice.Testng.TestngPackagesTest -->
    </test> <!-- Default test -->
  </suite> <!-- Default suite -->
</testng-results>
